--------------------------------------------------
---- Marvellous Platform Surveillance System -----
Log created at :Sun Feb 15 11:26:53 2026
--------------------------------------------------

---------------- System Report -------------------
CPU Usage : 27.6 %
RAM Usage : 80.5 %
--------------------------------------------------

---------------- Disk Usage Report ---------------
C:\ -> 71.9 % used 
D:\ -> 86.4 % used 
E:\ -> 22.4 % used 
F:\ -> 68.3 % used 
G:\ -> 84.3 % used 
--------------------------------------------------

-------------- Network Usage Report --------------
Sent : 14.72 MB
Recv : 131.77 MB
--------------------------------------------------

------------------ Process Report ----------------
+-------+-------------------+-----------------------+----------+---------------------+---------+------------+----------------+--------------+
|   PID | Name              | UserName              | Status   | Start Time          |   CPU % |   Memory % |   Thread Count |   Open Files |
+=======+===================+=======================+==========+=====================+=========+============+================+==============+
| 15408 | Code.exe          | DESKTOP-I92O72P\Sagar | running  | 2026-02-15 11:05:46 |     0   |    4.95496 |             15 |           16 |
+-------+-------------------+-----------------------+----------+---------------------+---------+------------+----------------+--------------+
| 16416 | Code.exe          | DESKTOP-I92O72P\Sagar | running  | 2026-02-15 11:05:31 |     0.5 |    3.74134 |             15 |           48 |
+-------+-------------------+-----------------------+----------+---------------------+---------+------------+----------------+--------------+
| 14536 | chrome.exe        | DESKTOP-I92O72P\Sagar | running  | 2026-02-15 11:02:18 |     0   |    3.42109 |             16 |           59 |
+-------+-------------------+-----------------------+----------+---------------------+---------+------------+----------------+--------------+
|  2192 | chrome.exe        | DESKTOP-I92O72P\Sagar | running  | 2026-02-15 11:12:58 |    24.1 |    3.39474 |             16 |           63 |
+-------+-------------------+-----------------------+----------+---------------------+---------+------------+----------------+--------------+
| 11032 | chrome.exe        | DESKTOP-I92O72P\Sagar | running  | 2026-02-15 11:25:30 |     0.9 |    3.16678 |             17 |           59 |
+-------+-------------------+-----------------------+----------+---------------------+---------+------------+----------------+--------------+
| 14516 | chrome.exe        | DESKTOP-I92O72P\Sagar | running  | 2026-02-15 11:00:43 |     0.6 |    2.98479 |             44 |          234 |
+-------+-------------------+-----------------------+----------+---------------------+---------+------------+----------------+--------------+
| 16580 | Code.exe          | DESKTOP-I92O72P\Sagar | running  | 2026-02-15 11:05:33 |     0   |    2.81936 |             25 |           22 |
+-------+-------------------+-----------------------+----------+---------------------+---------+------------+----------------+--------------+
|  5728 | chrome.exe        | DESKTOP-I92O72P\Sagar | running  | 2026-02-15 11:00:44 |     0   |    2.72533 |             16 |            3 |
+-------+-------------------+-----------------------+----------+---------------------+---------+------------+----------------+--------------+
|  5860 | explorer.exe      | DESKTOP-I92O72P\Sagar | running  | 2026-02-15 10:58:24 |     0.6 |    2.32116 |             64 |           58 |
+-------+-------------------+-----------------------+----------+---------------------+---------+------------+----------------+--------------+
|  6908 | WhatsApp.Root.exe | DESKTOP-I92O72P\Sagar | running  | 2026-02-15 10:59:04 |     0   |    2.307   |             34 |          104 |
+-------+-------------------+-----------------------+----------+---------------------+---------+------------+----------------+--------------+
--------------------------------------------------
---------------- End of Log file -----------------
--------------------------------------------------
