--------------------------------------------------
---- Marvellous Platform Surveillance System -----
Log created at :Wed Feb 11 18:19:08 2026
--------------------------------------------------

---------------- System Report -------------------
CPU Usage : 15.6 %
RAM Usage : 84.6 %
--------------------------------------------------

---------------- Disk Usage Report ---------------
C:\ -> 75.5 % used 
D:\ -> 86.4 % used 
E:\ -> 22.4 % used 
F:\ -> 68.3 % used 
G:\ -> 84.3 % used 
--------------------------------------------------

-------------- Network Usage Report --------------
Sent : 194.00 MB
Recv : 2599.78 MB
--------------------------------------------------

------------------ Process Report ----------------
+-------+------------+-----------------------+----------+---------------------+---------+------------+----------------+--------------+
|   PID | Name       | UserName              | Status   | Start Time          |   CPU % |   Memory % |   Thread Count |   Open Files |
+=======+============+=======================+==========+=====================+=========+============+================+==============+
| 20924 | Code.exe   | DESKTOP-I92O72P\Sagar | running  | 2026-02-11 11:15:33 |     0   |    5.01662 |             17 |           16 |
+-------+------------+-----------------------+----------+---------------------+---------+------------+----------------+--------------+
| 20000 | Code.exe   | DESKTOP-I92O72P\Sagar | running  | 2026-02-11 11:14:22 |     0.3 |    4.36484 |             15 |           49 |
+-------+------------+-----------------------+----------+---------------------+---------+------------+----------------+--------------+
| 18828 | chrome.exe | DESKTOP-I92O72P\Sagar | running  | 2026-02-11 16:29:17 |     0   |    3.71287 |             19 |           61 |
+-------+------------+-----------------------+----------+---------------------+---------+------------+----------------+--------------+
|  5180 | Code.exe   | DESKTOP-I92O72P\Sagar | running  | 2026-02-11 12:26:14 |     0   |    3.56551 |             15 |           16 |
+-------+------------+-----------------------+----------+---------------------+---------+------------+----------------+--------------+
| 16656 | chrome.exe | DESKTOP-I92O72P\Sagar | running  | 2026-02-11 11:08:46 |     0.6 |    3.44007 |             45 |          244 |
+-------+------------+-----------------------+----------+---------------------+---------+------------+----------------+--------------+
| 19192 | chrome.exe | DESKTOP-I92O72P\Sagar | running  | 2026-02-11 16:52:12 |     0   |    3.08971 |             16 |           60 |
+-------+------------+-----------------------+----------+---------------------+---------+------------+----------------+--------------+
| 10736 | chrome.exe | DESKTOP-I92O72P\Sagar | running  | 2026-02-11 16:43:00 |     0   |    2.34717 |             16 |           42 |
+-------+------------+-----------------------+----------+---------------------+---------+------------+----------------+--------------+
|  3020 | chrome.exe | DESKTOP-I92O72P\Sagar | running  | 2026-02-11 11:08:54 |     0   |    2.0959  |             19 |           47 |
+-------+------------+-----------------------+----------+---------------------+---------+------------+----------------+--------------+
| 17900 | Code.exe   | DESKTOP-I92O72P\Sagar | running  | 2026-02-11 11:14:36 |     0   |    2.08323 |             14 |           49 |
+-------+------------+-----------------------+----------+---------------------+---------+------------+----------------+--------------+
|  4732 | chrome.exe | DESKTOP-I92O72P\Sagar | running  | 2026-02-11 16:29:18 |     0   |    1.87821 |             15 |           40 |
+-------+------------+-----------------------+----------+---------------------+---------+------------+----------------+--------------+
--------------------------------------------------
---------------- End of Log file -----------------
--------------------------------------------------
