--------------------------------------------------
---- Marvellous Platform Surveillance System -----
Log created at :Wed Feb 11 18:14:26 2026
--------------------------------------------------

---------------- System Report -------------------
CPU Usage : 20.2 %
RAM Usage : 86.1 %
--------------------------------------------------

---------------- Disk Usage Report ---------------
C:\ -> 75.5 % used 
D:\ -> 86.4 % used 
E:\ -> 22.4 % used 
F:\ -> 68.3 % used 
G:\ -> 84.3 % used 
--------------------------------------------------

-------------- Network Usage Report --------------
Sent : 193.61 MB
Recv : 2599.40 MB
--------------------------------------------------

------------------ Process Report ----------------
+-------+------------+-----------------------+----------+---------------------+---------+------------+----------------+--------------+
|   PID | Name       | UserName              | Status   | Start Time          |   CPU % |   Memory % |   Thread Count |   Open Files |
+=======+============+=======================+==========+=====================+=========+============+================+==============+
| 20924 | Code.exe   | DESKTOP-I92O72P\Sagar | running  | 2026-02-11 11:15:33 |     0   |    5.01277 |             17 |           16 |
+-------+------------+-----------------------+----------+---------------------+---------+------------+----------------+--------------+
| 20000 | Code.exe   | DESKTOP-I92O72P\Sagar | running  | 2026-02-11 11:14:22 |     0.1 |    4.50021 |             16 |           49 |
+-------+------------+-----------------------+----------+---------------------+---------+------------+----------------+--------------+
| 18828 | chrome.exe | DESKTOP-I92O72P\Sagar | running  | 2026-02-11 16:29:17 |     0   |    3.94184 |             19 |           61 |
+-------+------------+-----------------------+----------+---------------------+---------+------------+----------------+--------------+
|  5180 | Code.exe   | DESKTOP-I92O72P\Sagar | running  | 2026-02-11 12:26:14 |     0   |    3.56551 |             15 |           16 |
+-------+------------+-----------------------+----------+---------------------+---------+------------+----------------+--------------+
| 16656 | chrome.exe | DESKTOP-I92O72P\Sagar | running  | 2026-02-11 11:08:46 |     0.7 |    3.56281 |             45 |          244 |
+-------+------------+-----------------------+----------+---------------------+---------+------------+----------------+--------------+
| 19192 | chrome.exe | DESKTOP-I92O72P\Sagar | running  | 2026-02-11 16:52:12 |     0   |    3.11794 |             16 |           60 |
+-------+------------+-----------------------+----------+---------------------+---------+------------+----------------+--------------+
| 10736 | chrome.exe | DESKTOP-I92O72P\Sagar | running  | 2026-02-11 16:43:00 |     0   |    2.35772 |             16 |           42 |
+-------+------------+-----------------------+----------+---------------------+---------+------------+----------------+--------------+
|  3020 | chrome.exe | DESKTOP-I92O72P\Sagar | running  | 2026-02-11 11:08:54 |     0   |    2.09557 |             19 |           47 |
+-------+------------+-----------------------+----------+---------------------+---------+------------+----------------+--------------+
| 17900 | Code.exe   | DESKTOP-I92O72P\Sagar | running  | 2026-02-11 11:14:36 |     0   |    2.07186 |             14 |           49 |
+-------+------------+-----------------------+----------+---------------------+---------+------------+----------------+--------------+
| 22700 | chrome.exe | DESKTOP-I92O72P\Sagar | running  | 2026-02-11 17:30:22 |     0   |    1.93578 |             15 |           43 |
+-------+------------+-----------------------+----------+---------------------+---------+------------+----------------+--------------+
--------------------------------------------------
---------------- End of Log file -----------------
--------------------------------------------------
